<?xml version="1.0" encoding="UTF-8"?>
<!-- Generated by org.testng.reporters.JUnitReportReporter -->
<testsuite hostname="CBT-03-44" failures="0" tests="1" name="com.actitime.test.LogTextBoldItalicUnderline" time="0.848" errors="0" timestamp="03 Jan 2023 06:37:25 GMT" skipped="0">
  <testcase classname="com.actitime.test.LogTextBoldItalicUnderline" name="basicextentreport" time="0.848"/>
</testsuite> <!-- com.actitime.test.LogTextBoldItalicUnderline -->
