<?xml version="1.0" encoding="UTF-8"?>
<!-- Generated by org.testng.reporters.JUnitReportReporter -->
<testsuite hostname="CBT-03-44" failures="0" tests="1" name="com.actitime.test.ActitimeLoginLogout" time="6.868" errors="0" timestamp="05 Jan 2023 06:03:44 GMT" skipped="0">
  <testcase classname="com.actitime.test.ActitimeLoginLogout" name="loginlogout" time="6.868"/>
</testsuite> <!-- com.actitime.test.ActitimeLoginLogout -->
