<?xml version="1.0" encoding="UTF-8"?>
<!-- Generated by org.testng.reporters.JUnitReportReporter -->
<testsuite hostname="CBT-03-44" failures="0" tests="1" name="com.actitime.test.ExtentReportLogLevels" time="0.901" errors="0" timestamp="03 Jan 2023 06:29:52 GMT" skipped="0">
  <testcase classname="com.actitime.test.ExtentReportLogLevels" name="basicextentreport" time="0.901"/>
</testsuite> <!-- com.actitime.test.ExtentReportLogLevels -->
