<?xml version="1.0" encoding="UTF-8"?>
<!-- Generated by org.testng.reporters.JUnitReportReporter -->
<testsuite hostname="CBT-03-44" failures="0" tests="1" name="com.actitime.test.BasicExtentReport" time="0.942" errors="0" timestamp="03 Jan 2023 06:07:56 GMT" skipped="0">
  <testcase classname="com.actitime.test.BasicExtentReport" name="basicextentreport" time="0.942"/>
</testsuite> <!-- com.actitime.test.BasicExtentReport -->
