<?xml version="1.0" encoding="UTF-8"?>
<!-- Generated by org.testng.reporters.JUnitReportReporter -->
<testsuite hostname="CBT-03-44" failures="0" tests="1" name="com.actitime.test.ArunJena" time="0.097" errors="0" timestamp="09 Jan 2023 05:45:56 GMT" skipped="0">
  <testcase classname="com.actitime.test.ArunJena" name="arun" time="0.097"/>
</testsuite> <!-- com.actitime.test.ArunJena -->
